<?xml version="1.0" encoding="UTF-8"?>
<!-- Generated by org.testng.reporters.JUnitReportReporter -->
<testsuite skipped="0" hostname="LAPTOP-Q9C7I8EI" name="project.Ecommerce" tests="1" failures="0" timestamp="03 Sep 2020 17:22:37 GMT" time="11.073" errors="0">
  <testcase name="tc1" time="11.073" classname="project.Ecommerce"/>
</testsuite> <!-- project.Ecommerce -->
