<?xml version="1.0" encoding="UTF-8"?>
<!-- Generated by org.testng.reporters.JUnitReportReporter -->
<testsuite skipped="1" hostname="LAPTOP-Q9C7I8EI" name="testng.SampleTestng" tests="5" failures="0" timestamp="02 Sep 2020 17:50:36 GMT" time="21.817" errors="0">
  <testcase name="tc4" time="5.740" classname="testng.SampleTestng"/>
  <testcase name="tc4" time="2.712" classname="testng.SampleTestng"/>
  <testcase name="tc1" time="1.896" classname="testng.SampleTestng"/>
  <testcase name="tc2" time="11.469" classname="testng.SampleTestng"/>
  <testcase name="tc3" classname="testng.SampleTestng">
    <skipped/>
  </testcase> <!-- tc3 -->
</testsuite> <!-- testng.SampleTestng -->
